<?xml version="1.0" encoding="UTF-8"?>
<!-- Generated by org.testng.reporters.JUnitXMLReporter -->
<testsuite ignored="0" hostname="LAPTOP-CPTC2M6Q" failures="0" tests="4" name="Default test" time="0.18" errors="0" timestamp="2023-04-26T07:47:24 IST">
  <testcase classname="test.com.TestR4" name="da" time="0.035"/>
  <testcase classname="test.com.TestR4" name="ca" time="0.002"/>
  <testcase classname="test.com.TestR4" name="beta" time="0.007"/>
  <testcase classname="test.com.TestR4" name="alpha" time="0.003"/>
</testsuite> <!-- Default test -->
