<?xml version="1.0" encoding="UTF-8"?>
<!-- Generated by org.testng.reporters.JUnitXMLReporter -->
<testsuite ignored="0" hostname="LAPTOP-CPTC2M6Q" failures="0" tests="9" name="Default test" time="0.236" errors="0" timestamp="2023-05-02T07:38:33 IST">
  <testcase classname="test.com.testR5" name="testcase2" time="0.032"/>
  <testcase classname="test.com.testR5" name="testcase6" time="0.006"/>
  <testcase classname="test.com.testR5" name="testcase1" time="0.003"/>
  <testcase classname="test.com.testR5" name="testcase3" time="0.004"/>
  <testcase classname="test.com.testR5" name="testcase4" time="0.001"/>
  <testcase classname="test.com.testR5" name="testcase5" time="0.002"/>
  <testcase classname="test.com.testR13" name="TestCaseOne" time="0.002"/>
  <testcase classname="test.com.testR13" name="TestCaseTwo" time="0.002"/>
  <testcase classname="test.com.testR13" name="TestCaseThree" time="0.002"/>
</testsuite> <!-- Default test -->
