<?xml version="1.0" encoding="UTF-8"?>
<!-- Generated by org.testng.reporters.JUnitXMLReporter -->
<testsuite ignored="0" hostname="LAPTOP-CPTC2M6Q" failures="1" tests="3" name="Test" time="0.223" errors="0" timestamp="2023-05-02T07:44:13 IST">
  <testcase classname="test.com.testR13" name="TestCaseOne" time="0.042"/>
  <testcase classname="test.com.testR13" name="TestCaseTwo" time="0.022">
    <failure type="java.lang.AssertionError" message="expected:&amp;lt;true&amp;gt; but was:&amp;lt;false&amp;gt;">
      <![CDATA[java.lang.AssertionError: expected:<true> but was:<false>
at org.junit.Assert.fail(Assert.java:93)
at org.junit.Assert.failNotEquals(Assert.java:647)
at org.junit.Assert.assertEquals(Assert.java:128)
at org.junit.Assert.assertEquals(Assert.java:147)
at test.com.testR13.TestCaseTwo(testR13.java:19)
at java.base/java.util.ArrayList.forEach(ArrayList.java:1511)
... Removed 25 stack frames]]>
    </failure>
  </testcase> <!-- TestCaseTwo -->
  <testcase classname="test.com.testR13" name="TestCaseThree" time="0.0">
    <skipped/>
  </testcase> <!-- TestCaseThree -->
</testsuite> <!-- Test -->
