<?xml version="1.0" encoding="UTF-8"?>
<!-- Generated by org.testng.reporters.JUnitXMLReporter -->
<testsuite ignored="0" hostname="LAPTOP-CPTC2M6Q" failures="0" tests="4" name="Test" time="0.177" errors="0" timestamp="2023-04-26T07:22:30 IST">
  <testcase classname="test.com.testR1" name="loginTest" time="0.018"/>
  <testcase classname="test.com.testR1" name="loginTest2" time="0.004"/>
  <testcase classname="test.com.testR2" name="loginTest" time="0.002"/>
  <testcase classname="test.com.testR2" name="loginTest2" time="0.004"/>
</testsuite> <!-- Test -->
