<?xml version="1.0" encoding="UTF-8"?>
<testng-results ignored="0" total="4" passed="4" failed="0" skipped="0">
  <reporter-output>
  </reporter-output>
  <suite started-at="2023-04-26T07:47:24 IST" name="Default suite" finished-at="2023-04-26T07:47:24 IST" duration-ms="180">
    <groups>
    </groups>
    <test started-at="2023-04-26T07:47:24 IST" name="Default test" finished-at="2023-04-26T07:47:24 IST" duration-ms="180">
      <class name="test.com.TestR4">
        <test-method signature="da()[pri:-1, instance:test.com.TestR4@dbf57b3]" started-at="2023-04-26T07:47:24 IST" name="da" finished-at="2023-04-26T07:47:24 IST" duration-ms="35" status="PASS">
          <reporter-output>
          </reporter-output>
        </test-method> <!-- da -->
        <test-method signature="ca()[pri:0, instance:test.com.TestR4@dbf57b3]" started-at="2023-04-26T07:47:24 IST" name="ca" finished-at="2023-04-26T07:47:24 IST" duration-ms="2" status="PASS">
          <reporter-output>
          </reporter-output>
        </test-method> <!-- ca -->
        <test-method signature="beta()[pri:1, instance:test.com.TestR4@dbf57b3]" started-at="2023-04-26T07:47:24 IST" name="beta" finished-at="2023-04-26T07:47:24 IST" duration-ms="7" status="PASS">
          <reporter-output>
          </reporter-output>
        </test-method> <!-- beta -->
        <test-method signature="alpha()[pri:2, instance:test.com.TestR4@dbf57b3]" started-at="2023-04-26T07:47:24 IST" name="alpha" finished-at="2023-04-26T07:47:24 IST" duration-ms="3" status="PASS">
          <reporter-output>
          </reporter-output>
        </test-method> <!-- alpha -->
      </class> <!-- test.com.TestR4 -->
    </test> <!-- Default test -->
  </suite> <!-- Default suite -->
</testng-results>
